This is pdfTeX, Version 3.1415926-2.5-1.40.14 (MiKTeX 2.9) (preloaded format=pdflatex 2015.5.28)  21 SEP 2015 22:52
entering extended mode
**Minotaur.tex
("C:\Users\Daniel\Desktop\sem 2 mgr\Minotaur\Minotaur.tex"
LaTeX2e <2011/06/27>
Babel <v3.8m> and hyphenation patterns for english, afrikaans, ancientgreek, ar
abic, armenian, assamese, basque, bengali, bokmal, bulgarian, catalan, coptic, 
croatian, czech, danish, dutch, esperanto, estonian, farsi, finnish, french, ga
lician, german, german-x-2013-05-26, greek, gujarati, hindi, hungarian, iceland
ic, indonesian, interlingua, irish, italian, kannada, kurmanji, latin, latvian,
 lithuanian, malayalam, marathi, mongolian, mongolianlmc, monogreek, ngerman, n
german-x-2013-05-26, nynorsk, oriya, panjabi, pinyin, polish, portuguese, roman
ian, russian, sanskrit, serbian, slovak, slovenian, spanish, swedish, swissgerm
an, tamil, telugu, turkish, turkmen, ukenglish, ukrainian, uppersorbian, usengl
ishmax, welsh, loaded.
("C:\Program Files (x86)\MiKTeX 2.9\tex\latex\base\report.cls"
Document Class: report 2007/10/19 v1.4h Standard LaTeX document class
("C:\Program Files (x86)\MiKTeX 2.9\tex\latex\base\size12.clo"
File: size12.clo 2007/10/19 v1.4h Standard LaTeX file (size option)
)
\c@part=\count79
\c@chapter=\count80
\c@section=\count81
\c@subsection=\count82
\c@subsubsection=\count83
\c@paragraph=\count84
\c@subparagraph=\count85
\c@figure=\count86
\c@table=\count87
\abovecaptionskip=\skip41
\belowcaptionskip=\skip42
\bibindent=\dimen102
)
("C:\Program Files (x86)\MiKTeX 2.9\tex\latex\polski\polski.sty"
Package: polski 2008/02/24 v1.3.3 Polish language package

Document language package `polski' v1.3.3 <2008/02/24>
\l@nohyphenation=\language69
("C:\Program Files (x86)\MiKTeX 2.9\tex\latex\base\ot4enc.def"
File: ot4enc.def 2005/09/27 v1.99g Standard LaTeX file
))
("C:\Program Files (x86)\MiKTeX 2.9\tex\latex\base\inputenc.sty"
Package: inputenc 2008/03/30 v1.1d Input encoding file
\inpenc@prehook=\toks14
\inpenc@posthook=\toks15

("C:\Program Files (x86)\MiKTeX 2.9\tex\latex\base\cp1250.def"
File: cp1250.def 2008/03/30 v1.1d Input encoding file
))
("C:\Program Files (x86)\MiKTeX 2.9\tex\latex\base\latexsym.sty"
Package: latexsym 1998/08/17 v2.2e Standard LaTeX package (lasy symbols)
\symlasy=\mathgroup4
LaTeX Font Info:    Overwriting symbol font `lasy' in version `bold'
(Font)                  U/lasy/m/n --> U/lasy/b/n on input line 47.
)
("C:\Program Files (x86)\MiKTeX 2.9\tex\latex\geometry\geometry.sty"
Package: geometry 2010/09/12 v5.6 Page Geometry

("C:\Program Files (x86)\MiKTeX 2.9\tex\latex\graphics\keyval.sty"
Package: keyval 1999/03/16 v1.13 key=value parser (DPC)
\KV@toks@=\toks16
)
("C:\Program Files (x86)\MiKTeX 2.9\tex\generic\oberdiek\ifpdf.sty"
Package: ifpdf 2011/01/30 v2.3 Provides the ifpdf switch (HO)
Package ifpdf Info: pdfTeX in PDF mode is detected.
)
("C:\Program Files (x86)\MiKTeX 2.9\tex\generic\oberdiek\ifvtex.sty"
Package: ifvtex 2010/03/01 v1.5 Detect VTeX and its facilities (HO)
Package ifvtex Info: VTeX not detected.
)
("C:\Program Files (x86)\MiKTeX 2.9\tex\generic\ifxetex\ifxetex.sty"
Package: ifxetex 2010/09/12 v0.6 Provides ifxetex conditional
)
\Gm@cnth=\count88
\Gm@cntv=\count89
\c@Gm@tempcnt=\count90
\Gm@bindingoffset=\dimen103
\Gm@wd@mp=\dimen104
\Gm@odd@mp=\dimen105
\Gm@even@mp=\dimen106
\Gm@layoutwidth=\dimen107
\Gm@layoutheight=\dimen108
\Gm@layouthoffset=\dimen109
\Gm@layoutvoffset=\dimen110
\Gm@dimlist=\toks17

("C:\Program Files (x86)\MiKTeX 2.9\tex\latex\geometry\geometry.cfg"))
("C:\Program Files (x86)\MiKTeX 2.9\tex\latex\graphics\graphicx.sty"
Package: graphicx 1999/02/16 v1.0f Enhanced LaTeX Graphics (DPC,SPQR)

("C:\Program Files (x86)\MiKTeX 2.9\tex\latex\graphics\graphics.sty"
Package: graphics 2009/02/05 v1.0o Standard LaTeX Graphics (DPC,SPQR)

("C:\Program Files (x86)\MiKTeX 2.9\tex\latex\graphics\trig.sty"
Package: trig 1999/03/16 v1.09 sin cos tan (DPC)
)
("C:\Program Files (x86)\MiKTeX 2.9\tex\latex\00miktex\graphics.cfg"
File: graphics.cfg 2007/01/18 v1.5 graphics configuration of teTeX/TeXLive
)
Package graphics Info: Driver file: pdftex.def on input line 91.

("C:\Program Files (x86)\MiKTeX 2.9\tex\latex\pdftex-def\pdftex.def"
File: pdftex.def 2011/05/27 v0.06d Graphics/color for pdfTeX

("C:\Program Files (x86)\MiKTeX 2.9\tex\generic\oberdiek\infwarerr.sty"
Package: infwarerr 2010/04/08 v1.3 Providing info/warning/error messages (HO)
)
("C:\Program Files (x86)\MiKTeX 2.9\tex\generic\oberdiek\ltxcmds.sty"
Package: ltxcmds 2011/11/09 v1.22 LaTeX kernel commands for general use (HO)
)
\Gread@gobject=\count91
))
\Gin@req@height=\dimen111
\Gin@req@width=\dimen112
)
("C:\Program Files (x86)\MiKTeX 2.9\tex\latex\float\float.sty"
Package: float 2001/11/08 v1.3d Float enhancements (AL)
\c@float@type=\count92
\float@exts=\toks18
\float@box=\box26
\@float@everytoks=\toks19
\@floatcapt=\box27
)
("C:\Program Files (x86)\MiKTeX 2.9\tex\latex\tools\indentfirst.sty"
Package: indentfirst 1995/11/23 v1.03 Indent first paragraph (DPC)
)
("C:\Program Files (x86)\MiKTeX 2.9\tex\latex\hyperref\hyperref.sty"
Package: hyperref 2012/11/06 v6.83m Hypertext links for LaTeX

("C:\Program Files (x86)\MiKTeX 2.9\tex\generic\oberdiek\hobsub-hyperref.sty"
Package: hobsub-hyperref 2012/04/25 v1.12 Bundle oberdiek, subset hyperref (HO)


("C:\Program Files (x86)\MiKTeX 2.9\tex\generic\oberdiek\hobsub-generic.sty"
Package: hobsub-generic 2012/04/25 v1.12 Bundle oberdiek, subset generic (HO)
Package: hobsub 2012/04/25 v1.12 Construct package bundles (HO)
Package hobsub Info: Skipping package `infwarerr' (already loaded).
Package hobsub Info: Skipping package `ltxcmds' (already loaded).
Package: ifluatex 2010/03/01 v1.3 Provides the ifluatex switch (HO)
Package ifluatex Info: LuaTeX not detected.
Package hobsub Info: Skipping package `ifvtex' (already loaded).
Package: intcalc 2007/09/27 v1.1 Expandable calculations with integers (HO)
Package hobsub Info: Skipping package `ifpdf' (already loaded).
Package: etexcmds 2011/02/16 v1.5 Avoid name clashes with e-TeX commands (HO)
Package etexcmds Info: Could not find \expanded.
(etexcmds)             That can mean that you are not using pdfTeX 1.50 or
(etexcmds)             that some package has redefined \expanded.
(etexcmds)             In the latter case, load this package earlier.
Package: kvsetkeys 2012/04/25 v1.16 Key value parser (HO)
Package: kvdefinekeys 2011/04/07 v1.3 Define keys (HO)
Package: pdftexcmds 2011/11/29 v0.20 Utility functions of pdfTeX for LuaTeX (HO
)
Package pdftexcmds Info: LuaTeX not detected.
Package pdftexcmds Info: \pdf@primitive is available.
Package pdftexcmds Info: \pdf@ifprimitive is available.
Package pdftexcmds Info: \pdfdraftmode found.
Package: pdfescape 2011/11/25 v1.13 Implements pdfTeX's escape features (HO)
Package: bigintcalc 2012/04/08 v1.3 Expandable calculations on big integers (HO
)
Package: bitset 2011/01/30 v1.1 Handle bit-vector datatype (HO)
Package: uniquecounter 2011/01/30 v1.2 Provide unlimited unique counter (HO)
)
Package hobsub Info: Skipping package `hobsub' (already loaded).
Package: letltxmacro 2010/09/02 v1.4 Let assignment for LaTeX macros (HO)
Package: hopatch 2011/06/24 v1.1 Wrapper for package hooks (HO)
Package: xcolor-patch 2011/01/30 xcolor patch
Package: atveryend 2011/06/30 v1.8 Hooks at the very end of document (HO)
Package atveryend Info: \enddocument detected (standard20110627).
Package: atbegshi 2011/10/05 v1.16 At begin shipout hook (HO)
Package: refcount 2011/10/16 v3.4 Data extraction from label references (HO)
Package: hycolor 2011/01/30 v1.7 Color options for hyperref/bookmark (HO)
)
("C:\Program Files (x86)\MiKTeX 2.9\tex\latex\oberdiek\auxhook.sty"
Package: auxhook 2011/03/04 v1.3 Hooks for auxiliary files (HO)
)
("C:\Program Files (x86)\MiKTeX 2.9\tex\latex\oberdiek\kvoptions.sty"
Package: kvoptions 2011/06/30 v3.11 Key value format for package options (HO)
)
\@linkdim=\dimen113
\Hy@linkcounter=\count93
\Hy@pagecounter=\count94

("C:\Program Files (x86)\MiKTeX 2.9\tex\latex\hyperref\pd1enc.def"
File: pd1enc.def 2012/11/06 v6.83m Hyperref: PDFDocEncoding definition (HO)
)
\Hy@SavedSpaceFactor=\count95

("C:\Program Files (x86)\MiKTeX 2.9\tex\latex\00miktex\hyperref.cfg"
File: hyperref.cfg 2002/06/06 v1.2 hyperref configuration of TeXLive
)
Package hyperref Info: Hyper figures OFF on input line 4443.
Package hyperref Info: Link nesting OFF on input line 4448.
Package hyperref Info: Hyper index ON on input line 4451.
Package hyperref Info: Plain pages OFF on input line 4458.
Package hyperref Info: Backreferencing OFF on input line 4463.
Package hyperref Info: Implicit mode ON; LaTeX internals redefined.
Package hyperref Info: Bookmarks ON on input line 4688.
\c@Hy@tempcnt=\count96

("C:\Program Files (x86)\MiKTeX 2.9\tex\latex\url\url.sty"
\Urlmuskip=\muskip10
Package: url 2013/09/16  ver 3.4  Verb mode for urls, etc.
)
LaTeX Info: Redefining \url on input line 5041.
\XeTeXLinkMargin=\dimen114
\Fld@menulength=\count97
\Field@Width=\dimen115
\Fld@charsize=\dimen116
Package hyperref Info: Hyper figures OFF on input line 6295.
Package hyperref Info: Link nesting OFF on input line 6300.
Package hyperref Info: Hyper index ON on input line 6303.
Package hyperref Info: backreferencing OFF on input line 6310.
Package hyperref Info: Link coloring OFF on input line 6315.
Package hyperref Info: Link coloring with OCG OFF on input line 6320.
Package hyperref Info: PDF/A mode OFF on input line 6325.
LaTeX Info: Redefining \ref on input line 6365.
LaTeX Info: Redefining \pageref on input line 6369.
\Hy@abspage=\count98
\c@Item=\count99
\c@Hfootnote=\count100
)

Package hyperref Message: Driver (autodetected): hpdftex.

("C:\Program Files (x86)\MiKTeX 2.9\tex\latex\hyperref\hpdftex.def"
File: hpdftex.def 2012/11/06 v6.83m Hyperref driver for pdfTeX
\Fld@listcount=\count101
\c@bookmark@seq@number=\count102

("C:\Program Files (x86)\MiKTeX 2.9\tex\latex\oberdiek\rerunfilecheck.sty"
Package: rerunfilecheck 2011/04/15 v1.7 Rerun checks for auxiliary files (HO)
Package uniquecounter Info: New unique counter `rerunfilecheck' on input line 2
82.
)
\Hy@SectionHShift=\skip43
)
("C:\Program Files (x86)\MiKTeX 2.9\tex\latex\sidecap\sidecap.sty"
Package: sidecap 2003/06/06 v1.6f SideCap Package (RN/HjG)

("C:\Program Files (x86)\MiKTeX 2.9\tex\latex\base\ifthen.sty"
Package: ifthen 2001/05/26 v1.1c Standard LaTeX ifthen package (DPC)
)
\SC@BOXWD=\dimen117
\SC@CAPWD=\dimen118
\SC@tempdima=\dimen119
\SC@tempdimb=\dimen120
\c@SC@C=\count103
\SC@BOX=\box28
)
("C:\Program Files (x86)\MiKTeX 2.9\tex\latex\wrapfig\wrapfig.sty"
\wrapoverhang=\dimen121
\WF@size=\dimen122
\c@WF@wrappedlines=\count104
\WF@box=\box29
\WF@everypar=\toks20
Package: wrapfig 2003/01/31  v 3.6
)
("C:\Program Files (x86)\MiKTeX 2.9\tex\latex\pdfpages\pdfpages.sty"
Package: pdfpages 2015/05/11 v0.4x Insert pages of external PDF documents (AM)

("C:\Program Files (x86)\MiKTeX 2.9\tex\latex\tools\calc.sty"
Package: calc 2007/08/22 v4.3 Infix arithmetic (KKT,FJ)
\calc@Acount=\count105
\calc@Bcount=\count106
\calc@Adimen=\dimen123
\calc@Bdimen=\dimen124
\calc@Askip=\skip44
\calc@Bskip=\skip45
LaTeX Info: Redefining \setlength on input line 76.
LaTeX Info: Redefining \addtolength on input line 77.
\calc@Ccount=\count107
\calc@Cskip=\skip46
)
("C:\Program Files (x86)\MiKTeX 2.9\tex\latex\eso-pic\eso-pic.sty"
Package: eso-pic 2015/04/20 v2.0e eso-pic (RN)

("C:\Program Files (x86)\MiKTeX 2.9\tex\latex\xcolor\xcolor.sty"
Package: xcolor 2007/01/21 v2.11 LaTeX color extensions (UK)

("C:\Program Files (x86)\MiKTeX 2.9\tex\latex\00miktex\color.cfg"
File: color.cfg 2007/01/18 v1.5 color configuration of teTeX/TeXLive
)
Package xcolor Info: Driver file: pdftex.def on input line 225.
Package xcolor Info: Model `cmy' substituted by `cmy0' on input line 1337.
Package xcolor Info: Model `hsb' substituted by `rgb' on input line 1341.
Package xcolor Info: Model `RGB' extended on input line 1353.
Package xcolor Info: Model `HTML' substituted by `rgb' on input line 1355.
Package xcolor Info: Model `Hsb' substituted by `hsb' on input line 1356.
Package xcolor Info: Model `tHsb' substituted by `hsb' on input line 1357.
Package xcolor Info: Model `HSB' substituted by `hsb' on input line 1358.
Package xcolor Info: Model `Gray' substituted by `gray' on input line 1359.
Package xcolor Info: Model `wave' substituted by `hsb' on input line 1360.
))
\AM@pagewidth=\dimen125
\AM@pageheight=\dimen126

("C:\Program Files (x86)\MiKTeX 2.9\tex\latex\pdfpages\pppdftex.def"
File: pppdftex.def 2015/05/11 v0.4x Pdfpages driver for pdfTeX (AM)
)
\AM@pagebox=\box30
\AM@toc@title=\toks21
\c@AM@survey=\count108
\AM@templatesizebox=\box31
)
("C:\Users\Daniel\Desktop\sem 2 mgr\Minotaur\my_config.tex")
("C:\Users\Daniel\Desktop\sem 2 mgr\Minotaur\Minotaur.aux")
LaTeX Font Info:    Checking defaults for OML/cmm/m/it on input line 35.
LaTeX Font Info:    ... okay on input line 35.
LaTeX Font Info:    Checking defaults for T1/cmr/m/n on input line 35.
LaTeX Font Info:    ... okay on input line 35.
LaTeX Font Info:    Checking defaults for OT1/cmr/m/n on input line 35.
LaTeX Font Info:    ... okay on input line 35.
LaTeX Font Info:    Checking defaults for OMS/cmsy/m/n on input line 35.
LaTeX Font Info:    ... okay on input line 35.
LaTeX Font Info:    Checking defaults for OMX/cmex/m/n on input line 35.
LaTeX Font Info:    ... okay on input line 35.
LaTeX Font Info:    Checking defaults for U/cmr/m/n on input line 35.
LaTeX Font Info:    ... okay on input line 35.
LaTeX Font Info:    Checking defaults for OT4/cmr/m/n on input line 35.
LaTeX Font Info:    Try loading font information for OT4+cmr on input line 35.

("C:\Program Files (x86)\MiKTeX 2.9\tex\latex\polski\ot4cmr.fd"
File: ot4cmr.fd 2008/02/24 v1.2.1 Font defs for fonts PL (MW)
)
LaTeX Font Info:    ... okay on input line 35.
LaTeX Font Info:    Checking defaults for PD1/pdf/m/n on input line 35.
LaTeX Font Info:    ... okay on input line 35.

*geometry* driver: auto-detecting
*geometry* detected driver: pdftex
*geometry* verbose mode - [ preamble ] result:
* driver: pdftex
* paper: a4paper
* layout: <same size as paper>
* layoutoffset:(h,v)=(0.0pt,0.0pt)
* modes: 
* h-part:(L,W,R)=(71.13188pt, 455.24411pt, 71.13188pt)
* v-part:(T,H,B)=(71.13188pt, 688.5567pt, 85.35826pt)
* \paperwidth=597.50787pt
* \paperheight=845.04684pt
* \textwidth=455.24411pt
* \textheight=688.5567pt
* \oddsidemargin=-1.1381pt
* \evensidemargin=-1.1381pt
* \topmargin=-38.1381pt
* \headheight=12.0pt
* \headsep=25.0pt
* \topskip=12.0pt
* \footskip=42.67912pt
* \marginparwidth=0.0pt
* \marginparsep=10.0pt
* \columnsep=10.0pt
* \skip\footins=10.8pt plus 4.0pt minus 2.0pt
* \hoffset=0.0pt
* \voffset=0.0pt
* \mag=1000
* \@twocolumnfalse
* \@twosidefalse
* \@mparswitchfalse
* \@reversemarginfalse
* (1in=72.27pt=25.4mm, 1cm=28.453pt)

("C:\Program Files (x86)\MiKTeX 2.9\tex\context\base\supp-pdf.mkii"
[Loading MPS to PDF converter (version 2006.09.02).]
\scratchcounter=\count109
\scratchdimen=\dimen127
\scratchbox=\box32
\nofMPsegments=\count110
\nofMParguments=\count111
\everyMPshowfont=\toks22
\MPscratchCnt=\count112
\MPscratchDim=\dimen128
\MPnumerator=\count113
\makeMPintoPDFobject=\count114
\everyMPtoPDFconversion=\toks23
)
\AtBeginShipoutBox=\box33
Package hyperref Info: Link coloring OFF on input line 35.
 ("C:\Program Files (x86)\MiKTeX 2.9\tex\latex\hyperref\nameref.sty"
Package: nameref 2012/10/27 v2.43 Cross-referencing by name of section

("C:\Program Files (x86)\MiKTeX 2.9\tex\generic\oberdiek\gettitlestring.sty"
Package: gettitlestring 2010/12/03 v1.4 Cleanup title references (HO)
)
\c@section@level=\count115
)
LaTeX Info: Redefining \ref on input line 35.
LaTeX Info: Redefining \pageref on input line 35.
LaTeX Info: Redefining \nameref on input line 35.

("C:\Users\Daniel\Desktop\sem 2 mgr\Minotaur\Minotaur.out")
("C:\Users\Daniel\Desktop\sem 2 mgr\Minotaur\Minotaur.out")
\@outlinefile=\write3

("C:\Program Files (x86)\MiKTeX 2.9\tex\latex\ms\ragged2e.sty"
Package: ragged2e 2009/05/21 v2.1 ragged2e Package (MS)

("C:\Program Files (x86)\MiKTeX 2.9\tex\latex\ms\everysel.sty"
Package: everysel 2011/10/28 v1.2 EverySelectfont Package (MS)

ABD: EverySelectfont initializing macros
LaTeX Info: Redefining \selectfont on input line 126.
)
\CenteringLeftskip=\skip47
\RaggedLeftLeftskip=\skip48
\RaggedRightLeftskip=\skip49
\CenteringRightskip=\skip50
\RaggedLeftRightskip=\skip51
\RaggedRightRightskip=\skip52
\CenteringParfillskip=\skip53
\RaggedLeftParfillskip=\skip54
\RaggedRightParfillskip=\skip55
\JustifyingParfillskip=\skip56
\CenteringParindent=\skip57
\RaggedLeftParindent=\skip58
\RaggedRightParindent=\skip59
\JustifyingParindent=\skip60
)
<PW.png, id=43, 853.589pt x 853.589pt>
File: PW.png Graphic file (type png)
 <use PW.png>
Package pdftex.def Info: PW.png used on input line 36.
(pdftex.def)             Requested size: 68.28851pt x 68.28851pt.

<MEiL.png, id=45, 427.999pt x 852.786pt>
File: MEiL.png Graphic file (type png)
 <use MEiL.png>
Package pdftex.def Info: MEiL.png used on input line 36.
(pdftex.def)             Requested size: 34.24062pt x 68.22427pt.

Underfull \hbox (badness 10000) in paragraph at lines 36--36

 []

LaTeX Font Info:    External font `cmex10' loaded for size
(Font)              <12> on input line 36.
LaTeX Font Info:    External font `cmex10' loaded for size
(Font)              <8> on input line 36.
LaTeX Font Info:    External font `cmex10' loaded for size
(Font)              <6> on input line 36.
LaTeX Font Info:    Try loading font information for U+lasy on input line 36.
("C:\Program Files (x86)\MiKTeX 2.9\tex\latex\base\ulasy.fd"
File: ulasy.fd 1998/08/17 v2.2e LaTeX symbol font definitions
) [1

{C:/ProgramData/MiKTeX/2.9/pdftex/config/pdftex.map} <C:/Users/Daniel/Desktop/s
em 2 mgr/Minotaur/PW.png> <C:/Users/Daniel/Desktop/sem 2 mgr/Minotaur/MEiL.png>
]
("C:\Users\Daniel\Desktop\sem 2 mgr\Minotaur\Minotaur.toc")
\tf@toc=\write4

("C:\Users\Daniel\Desktop\sem 2 mgr\Minotaur\wstep.tex"pdfTeX warning (ext4): d
estination with the same identifier (name{page.1}) has been already used, dupli
cate ignored
<to be read again> 
                   \relax 
l.1 \chapter
            {Wstêp} [1

]
Rozdzia\PlPrIeC {\l } 1.
<zdjecia/Odyseusz.png, id=73, 846.91406pt x 454.69875pt>
File: zdjecia/Odyseusz.png Graphic file (type png)

<use zdjecia/Odyseusz.png>
Package pdftex.def Info: zdjecia/Odyseusz.png used on input line 13.
(pdftex.def)             Requested size: 398.33858pt x 213.86107pt.
 [2

 <C:/Users/Daniel/Desktop/sem 2 mgr/Minotaur/zdjecia/Odyseusz.png>] <zdjecia/TE
ZEUSZ.jpg, id=79, 185.493pt x 123.0999pt>
File: zdjecia/TEZEUSZ.jpg Graphic file (type jpg)

<use zdjecia/TEZEUSZ.jpg>
Package pdftex.def Info: zdjecia/TEZEUSZ.jpg used on input line 24.
(pdftex.def)             Requested size: 284.52756pt x 188.8456pt.
)
("C:\Users\Daniel\Desktop\sem 2 mgr\Minotaur\mechanika.tex" [3 <C:/Users/Daniel
/Desktop/sem 2 mgr/Minotaur/zdjecia/TEZEUSZ.jpg>]
Rozdzia\PlPrIeC {\l } 2.
) ("C:\Users\Daniel\Desktop\sem 2 mgr\Minotaur\elektronika.tex" [4

]
Rozdzia\PlPrIeC {\l } 3.
) ("C:\Users\Daniel\Desktop\sem 2 mgr\Minotaur\sensory.tex" [5

]
Rozdzia\PlPrIeC {\l } 4.
) ("C:\Users\Daniel\Desktop\sem 2 mgr\Minotaur\algorytm.tex" [6

]
Rozdzia\PlPrIeC {\l } 5.
) ("C:\Users\Daniel\Desktop\sem 2 mgr\Minotaur\implementacja.tex" [7

]
Rozdzia\PlPrIeC {\l } 6.
) ("C:\Users\Daniel\Desktop\sem 2 mgr\Minotaur\testowanie.tex" [8

]
Rozdzia\PlPrIeC {\l } 7.
) ("C:\Users\Daniel\Desktop\sem 2 mgr\Minotaur\wnioski.tex" [9

]
Rozdzia\PlPrIeC {\l } 8.
LaTeX Font Info:    Try loading font information for OMS+cmr on input line 6.
("C:\Program Files (x86)\MiKTeX 2.9\tex\latex\base\omscmr.fd"
File: omscmr.fd 1999/05/25 v2.5h Standard LaTeX font definitions
)
LaTeX Font Info:    Font shape `OMS/cmr/m/n' in size <12> not available
(Font)              Font shape `OMS/cmsy/m/n' tried instead on input line 6.
 [10

]) [11]
("C:\Users\Daniel\Desktop\sem 2 mgr\Minotaur\Minotaur.lof")
\tf@lof=\write5
 [12

]
("C:\Users\Daniel\Desktop\sem 2 mgr\Minotaur\Minotaur.lot")
\tf@lot=\write6

("C:\Users\Daniel\Desktop\sem 2 mgr\Minotaur\bibliografia.tex" [13

]
LaTeX Font Info:    Try loading font information for OT4+cmtt on input line 6.

("C:\Program Files (x86)\MiKTeX 2.9\tex\latex\polski\ot4cmtt.fd"
File: ot4cmtt.fd 2008/02/24 v1.2.1 Font defs for fonts PL (MW)
)
Underfull \hbox (badness 2512) in paragraph at lines 11--12
[]\OT4/cmr/m/n/12 Regulamin za-wo-dów Ro-bo-tic Day, []$\OT4/cmtt/m/n/12 http :
 / / www . roboticday . org / 2014 / rules /$
 []


Underfull \hbox (badness 4441) in paragraph at lines 14--15
[]\OT4/cmr/m/n/12 Pololu, Pro-duct 2212 []$\OT4/cmtt/m/n/12 http : / / www . po
lolu . com / product / 2212$[]\OT4/cmr/m/n/12 , da-ta do-st¦-pu
 []


Underfull \hbox (badness 4441) in paragraph at lines 15--16
[]\OT4/cmr/m/n/12 Pololu, Pro-duct 1090 []$\OT4/cmtt/m/n/12 http : / / www . po
lolu . com / product / 1090$[]\OT4/cmr/m/n/12 , da-ta do-st¦-pu
 []


Underfull \hbox (badness 10000) in paragraph at lines 16--17
[]\OT4/cmr/m/n/12 Pololu, Pro-duct 950 []$\OT4/cmtt/m/n/12 http : / / www . pol
olu . com / product / 950$[]\OT4/cmr/m/n/12 , da-ta do-st¦-pu
 []


Underfull \hbox (badness 10000) in paragraph at lines 17--18
[]\OT4/cmr/m/n/12 Pololu, Pro-duct 713 []$\OT4/cmtt/m/n/12 http : / / www . pol
olu . com / product / 713$[]\OT4/cmr/m/n/12 , da-ta do-st¦-pu
 []


Underfull \hbox (badness 2460) in paragraph at lines 18--19
[]\OT4/cmr/m/n/12 Dynamixel AX-12A, User's Ma-nu-al []$\OT4/cmtt/m/n/12 http : 
/ / www . electronickits . com / robot /$
 []

[14

]
Underfull \hbox (badness 10000) in paragraph at lines 19--20
$\OT4/cmtt/m/n/12 st-[]web-[]ui / static / active / jp / resource / technical /
 document / user _ manual /$
 []


Underfull \hbox (badness 10000) in paragraph at lines 20--21
[]\OT4/cmr/m/n/12 STMicroelectronics, STM32F100RB da-ta-she-et []$\OT4/cmtt/m/n
/12 http : / / www . st . com / web / en /$
 []


Underfull \hbox (badness 10000) in paragraph at lines 20--21
$\OT4/cmtt/m/n/12 resource / technical / document / datasheet / CD00251732 . pd
f$[]\OT4/cmr/m/n/12 , da-ta do-st¦-pu
 []


Underfull \hbox (badness 10000) in paragraph at lines 21--22
[]\OT4/cmr/m/n/12 Botland, Du-al-sky 7,4 V []$\OT4/cmtt/m/n/12 http : / / botla
nd . com . pl / lipo-[]dualsky /$
 []


Underfull \hbox (badness 10000) in paragraph at lines 21--22
$\OT4/cmtt/m/n/12 2395-[]pakiet-[]lipol-[]dualsky-[]2200mah-[]25c-[]2s-[]74v-[]
eco-[]s . html$[]\OT4/cmr/m/n/12 , da-ta do-st¦-
 []


Underfull \hbox (badness 10000) in paragraph at lines 23--24
[]\OT4/cmr/m/n/12 Sparkfun, SEN-10530 da-ta-she-et []$\OT4/cmtt/m/n/12 http : /
 / dlnmh9ip6v2uc . cloudfront . net /$
 []


Underfull \hbox (badness 10000) in paragraph at lines 24--25
[]\OT4/cmr/m/n/12 Texas In-stru-ment, LM339 da-ta-she-et []$\OT4/cmtt/m/n/12 ht
tp : / / www . ti . com / lit / ds / symlink /$
 []


Underfull \hbox (badness 10000) in paragraph at lines 25--26
[]\OT4/cmr/m/n/12 SHARP GP2Y0A41SK0 da-ta-she-et, []$\OT4/cmtt/m/n/12 http : / 
/ www . ti . com / lit / ds / symlink /$
 []


Underfull \hbox (badness 10000) in paragraph at lines 27--28
[]\OT4/cmr/m/n/12 Kingbright, []$\OT4/cmtt/m/n/12 http : / / www . kingbright .
 com / attachments / file / psearch / 000 / 00 /$
 []


Underfull \hbox (badness 4441) in paragraph at lines 28--29
[]\OT4/cmr/m/n/12 Pololu, Pro-duct 1442 []$\OT4/cmtt/m/n/12 http : / / www . po
lolu . com / product / 1442$[]\OT4/cmr/m/n/12 , da-ta do-st¦-pu
 []


Underfull \hbox (badness 10000) in paragraph at lines 29--30
[]\OT4/cmr/m/n/12 Botland, Du-al-sky 11,1 V []$\OT4/cmtt/m/n/12 http : / / botl
and . com . pl / lipo-[]dualsky /$
 []


Underfull \hbox (badness 10000) in paragraph at lines 29--30
$\OT4/cmtt/m/n/12 2487-[]pakiet-[]lipol-[]dualsky-[]3300mah-[]25c-[]2s-[]111v .
 html$[]\OT4/cmr/m/n/12 , da-ta do-st¦-pu
 []


Underfull \hbox (badness 2469) in paragraph at lines 30--31
[]\OT4/cmr/m/n/12 Pololu, Pro-duct 2110 []$\OT4/cmtt/m/n/12 https : / / www . p
ololu . com / product / 2110$[]\OT4/cmr/m/n/12 , da-ta do-st¦-pu
 []


Underfull \hbox (badness 1221) in paragraph at lines 32--33
[]\OT4/cmr/m/n/12 ST Mi-cro-elec-tro-nics, VNH5019ATR-E []$\OT4/cmtt/m/n/12 htt
p : / / www . st . com / st-[]web-[]ui / static /$
 []


Underfull \hbox (badness 10000) in paragraph at lines 34--35
[]\OT4/cmr/m/n/12 Infineon Tech-no-lo-gies AG, TLE4946-2K []$\OT4/cmtt/m/n/12 h
ttp : / / www .$
 []


Underfull \hbox (badness 10000) in paragraph at lines 34--35
$\OT4/cmtt/m/n/12 infineon . com / dgdl / Infineon-[]TLE4946 _ 2K-[]DS-[]v01 _ 
00-[]en .$
 []


Underfull \hbox (badness 10000) in paragraph at lines 34--35
$\OT4/cmtt/m/n/12 pdf ? folderId = db3a30431f848401011facc1c83b4674 & fileId =$

 []

[15]
Underfull \hbox (badness 10000) in paragraph at lines 35--36
[]\OT4/cmr/m/n/12 Raspberry Pi []$\OT4/cmtt/m/n/12 http : / / www . raspberrypi
 . org / documentation / hardware /$
 []


Underfull \hbox (badness 10000) in paragraph at lines 36--37
[]\OT4/cmr/m/n/12 Raspberry PI HD Ca-me-ra []$\OT4/cmtt/m/n/12 http : / / www .
 raspberrypi . org /$
 []


Underfull \hbox (badness 4001) in paragraph at lines 37--38
[]\OT4/cmr/m/n/12 TME, AC-CORD KB1604-PAB []$\OT4/cmtt/m/n/12 http : / / www . 
tme . eu / pl / details / kb1604-[]pab /$
 []


Underfull \hbox (badness 10000) in paragraph at lines 38--39
[]\OT4/cmr/m/n/12 Botland, wy-±wie-tlacz 4x20 []$\OT4/cmtt/m/n/12 http : / / bo
tland . com . pl /$
 []


Overfull \hbox (141.80876pt too wide) in paragraph at lines 38--39
$\OT4/cmtt/m/n/12 wyswietlacze-[]alfanumeryczne / 2640-[]wyswietlacz-[]lcd-[]4x
20-[]znakow-[]niebieski-[]konwerter-[]i2c-[]lcm1602 .$
 []


Underfull \hbox (badness 2469) in paragraph at lines 39--40
[]\OT4/cmr/m/n/12 Pololu, Pro-duct 1264 []$\OT4/cmtt/m/n/12 https : / / www . p
ololu . com / product / 1264$[]\OT4/cmr/m/n/12 , da-ta do-st¦-pu
 []


Underfull \hbox (badness 1975) in paragraph at lines 40--41
[]\OT4/cmr/m/n/12 Hokuyo, URG-04LX-UG01 []$\OT4/cmtt/m/n/12 https : / / www . h
okuyo-[]aut . jp / 02sensor / 07scanner /$
 []


Underfull \hbox (badness 10000) in paragraph at lines 41--42
[]\OT4/cmr/m/n/12 DAGU Hi-Tech Elec-tro-nic []$\OT4/cmtt/m/n/12 http : / / dagu
robot . diytrade . com / sdp / 895152 / 4 /$
 []


Underfull \hbox (badness 10000) in paragraph at lines 41--42
$\OT4/cmtt/m/n/12 pd-[]4555778 / 5252103-[]1798792 / ROBOT _ KIT _ RA-[]001 _ S
IX _ SERVO _ ROBOT _ ARM . html$[]\OT4/cmr/m/n/12 ,
 []

)
Package atveryend Info: Empty hook `BeforeClearDocument' on input line 58.
 [16]
Package atveryend Info: Empty hook `AfterLastShipout' on input line 58.
 ("C:\Users\Daniel\Desktop\sem 2 mgr\Minotaur\Minotaur.aux")
Package atveryend Info: Executing hook `AtVeryEndDocument' on input line 58.
Package atveryend Info: Executing hook `AtEndAfterFileList' on input line 58.
Package rerunfilecheck Info: File `Minotaur.out' has not changed.
(rerunfilecheck)             Checksum: 44A78CC90BBCA6B42EC23D1037647BF2;538.
Package atveryend Info: Empty hook `AtVeryVeryEnd' on input line 58.
 ) 
Here is how much of TeX's memory you used:
 7297 strings out of 493921
 108319 string characters out of 3144873
 204823 words of memory out of 3000000
 10373 multiletter control sequences out of 15000+200000
 13582 words of font info for 40 fonts, out of 3000000 for 9000
 841 hyphenation exceptions out of 8191
 37i,7n,39p,921b,426s stack positions out of 5000i,500n,10000p,200000b,50000s
{C:/Program Files (x86)/MiKTeX 2.9/fonts/enc/dvips/pl/pltt.enc}{C:/Program Fi
les (x86)/MiKTeX 2.9/fonts/enc/dvips/pl/plit.enc}{C:/Program Files (x86)/MiKTeX
 2.9/fonts/enc/dvips/pl/plrm.enc}{C:/Program Files (x86)/MiKTeX 2.9/fonts/enc/d
vips/pl/plsc.enc}<C:/Program Files (x86)/MiKTeX 2.9/fonts/type1/public/amsfonts
/cm/cmsy10.pfb><C:/Program Files (x86)/MiKTeX 2.9/fonts/type1/public/pl/plbx12.
pfb><C:/Program Files (x86)/MiKTeX 2.9/fonts/type1/public/pl/plcsc10.pfb><C:/Pr
ogram Files (x86)/MiKTeX 2.9/fonts/type1/public/pl/plr10.pfb><C:/Program Files 
(x86)/MiKTeX 2.9/fonts/type1/public/pl/plr12.pfb><C:/Program Files (x86)/MiKTeX
 2.9/fonts/type1/public/pl/plr17.pfb><C:/Program Files (x86)/MiKTeX 2.9/fonts/t
ype1/public/pl/plti10.pfb><C:/Program Files (x86)/MiKTeX 2.9/fonts/type1/public
/pl/plti12.pfb><C:/Program Files (x86)/MiKTeX 2.9/fonts/type1/public/pl/pltt12.
pfb>
Output written on Minotaur.pdf (17 pages, 677384 bytes).
PDF statistics:
 302 PDF objects out of 1000 (max. 8388607)
 73 named destinations out of 1000 (max. 500000)
 101 words of extra memory for PDF output out of 10000 (max. 10000000)

